1585388037711	mozrunner::runner	INFO	Running command: "/usr/bin/firefox" "-marionette" "-headless" "-foreground" "-no-remote" "-profile" "/tmp/rust_mozprofileoqhPEV"
*** You are running in headless mode.
1585388038504	addons.webextension.doh-rollout@mozilla.org	WARN	Loading extension 'doh-rollout@mozilla.org': Reading manifest: Invalid extension permission: networkStatus
1585388039873	addons.webextension.screenshots@mozilla.org	WARN	Loading extension 'screenshots@mozilla.org': Reading manifest: Invalid extension permission: mozillaAddons
1585388039873	addons.webextension.screenshots@mozilla.org	WARN	Loading extension 'screenshots@mozilla.org': Reading manifest: Invalid extension permission: telemetry
1585388039873	addons.webextension.screenshots@mozilla.org	WARN	Loading extension 'screenshots@mozilla.org': Reading manifest: Invalid extension permission: resource://pdf.js/
1585388039874	addons.webextension.screenshots@mozilla.org	WARN	Loading extension 'screenshots@mozilla.org': Reading manifest: Invalid extension permission: about:reader*
1585388042572	Marionette	INFO	Listening on port 44429
1585388042653	Marionette	WARN	TLS certificate errors will be ignored for this session
JavaScript warning: https://www.worldometers.info/coronavirus/, line 11677: unreachable code after return statement
JavaScript warning: https://www.worldometers.info/coronavirus/, line 11717: unreachable code after return statement
1585388106251	mozrunner::runner	INFO	Running command: "/usr/bin/firefox" "-marionette" "-headless" "-foreground" "-no-remote" "-profile" "/tmp/rust_mozprofileHIDG1T"
*** You are running in headless mode.
1585388106753	addons.webextension.doh-rollout@mozilla.org	WARN	Loading extension 'doh-rollout@mozilla.org': Reading manifest: Invalid extension permission: networkStatus
1585388107888	addons.webextension.screenshots@mozilla.org	WARN	Loading extension 'screenshots@mozilla.org': Reading manifest: Invalid extension permission: mozillaAddons
1585388107888	addons.webextension.screenshots@mozilla.org	WARN	Loading extension 'screenshots@mozilla.org': Reading manifest: Invalid extension permission: telemetry
1585388107889	addons.webextension.screenshots@mozilla.org	WARN	Loading extension 'screenshots@mozilla.org': Reading manifest: Invalid extension permission: resource://pdf.js/
1585388107889	addons.webextension.screenshots@mozilla.org	WARN	Loading extension 'screenshots@mozilla.org': Reading manifest: Invalid extension permission: about:reader*
1585388109490	Marionette	INFO	Listening on port 42285
1585388109562	Marionette	WARN	TLS certificate errors will be ignored for this session
JavaScript warning: https://www.worldometers.info/coronavirus/, line 11679: unreachable code after return statement
JavaScript warning: https://www.worldometers.info/coronavirus/, line 11719: unreachable code after return statement
1585388152889	mozrunner::runner	INFO	Running command: "/usr/bin/firefox" "-marionette" "-headless" "-foreground" "-no-remote" "-profile" "/tmp/rust_mozprofile7e100J"
*** You are running in headless mode.
1585388153357	addons.webextension.doh-rollout@mozilla.org	WARN	Loading extension 'doh-rollout@mozilla.org': Reading manifest: Invalid extension permission: networkStatus
1585388154508	addons.webextension.screenshots@mozilla.org	WARN	Loading extension 'screenshots@mozilla.org': Reading manifest: Invalid extension permission: mozillaAddons
1585388154508	addons.webextension.screenshots@mozilla.org	WARN	Loading extension 'screenshots@mozilla.org': Reading manifest: Invalid extension permission: telemetry
1585388154508	addons.webextension.screenshots@mozilla.org	WARN	Loading extension 'screenshots@mozilla.org': Reading manifest: Invalid extension permission: resource://pdf.js/
1585388154508	addons.webextension.screenshots@mozilla.org	WARN	Loading extension 'screenshots@mozilla.org': Reading manifest: Invalid extension permission: about:reader*
1585388156059	Marionette	INFO	Listening on port 38967
1585388156101	Marionette	WARN	TLS certificate errors will be ignored for this session
JavaScript error: , line 0: SecurityError: The operation is insecure.
1585388169197	Marionette	INFO	Stopped listening on port 38967
1585388268412	mozrunner::runner	INFO	Running command: "/usr/bin/firefox" "-marionette" "-headless" "-foreground" "-no-remote" "-profile" "/tmp/rust_mozprofileMUzQpI"
*** You are running in headless mode.
1585388268888	addons.webextension.doh-rollout@mozilla.org	WARN	Loading extension 'doh-rollout@mozilla.org': Reading manifest: Invalid extension permission: networkStatus
1585388270025	addons.webextension.screenshots@mozilla.org	WARN	Loading extension 'screenshots@mozilla.org': Reading manifest: Invalid extension permission: mozillaAddons
1585388270026	addons.webextension.screenshots@mozilla.org	WARN	Loading extension 'screenshots@mozilla.org': Reading manifest: Invalid extension permission: telemetry
1585388270026	addons.webextension.screenshots@mozilla.org	WARN	Loading extension 'screenshots@mozilla.org': Reading manifest: Invalid extension permission: resource://pdf.js/
1585388270026	addons.webextension.screenshots@mozilla.org	WARN	Loading extension 'screenshots@mozilla.org': Reading manifest: Invalid extension permission: about:reader*
1585388271551	Marionette	INFO	Listening on port 38445
1585388271621	Marionette	WARN	TLS certificate errors will be ignored for this session
JavaScript warning: https://www.worldometers.info/coronavirus/, line 11683: unreachable code after return statement
JavaScript warning: https://www.worldometers.info/coronavirus/, line 11723: unreachable code after return statement
1585388330137	Marionette	INFO	Stopped listening on port 38445
JavaScript error: https://eus.rubiconproject.com/usync.html?gdpr=0&gdpr_consent=, line 12: SecurityError: The operation is insecure.
1585388479337	mozrunner::runner	INFO	Running command: "/usr/bin/firefox" "-marionette" "-headless" "-foreground" "-no-remote" "-profile" "/tmp/rust_mozprofileOSVB2b"
*** You are running in headless mode.
1585388479802	addons.webextension.doh-rollout@mozilla.org	WARN	Loading extension 'doh-rollout@mozilla.org': Reading manifest: Invalid extension permission: networkStatus
1585388480937	addons.webextension.screenshots@mozilla.org	WARN	Loading extension 'screenshots@mozilla.org': Reading manifest: Invalid extension permission: mozillaAddons
1585388480937	addons.webextension.screenshots@mozilla.org	WARN	Loading extension 'screenshots@mozilla.org': Reading manifest: Invalid extension permission: telemetry
1585388480937	addons.webextension.screenshots@mozilla.org	WARN	Loading extension 'screenshots@mozilla.org': Reading manifest: Invalid extension permission: resource://pdf.js/
1585388480937	addons.webextension.screenshots@mozilla.org	WARN	Loading extension 'screenshots@mozilla.org': Reading manifest: Invalid extension permission: about:reader*
1585388482499	Marionette	INFO	Listening on port 34427
1585388482556	Marionette	WARN	TLS certificate errors will be ignored for this session
JavaScript warning: https://www.worldometers.info/coronavirus/, line 11687: unreachable code after return statement
JavaScript warning: https://www.worldometers.info/coronavirus/, line 11727: unreachable code after return statement
1585388539901	Marionette	INFO	Stopped listening on port 34427
JavaScript error: https://eus.rubiconproject.com/usync.html?gdpr=0&gdpr_consent=, line 12: SecurityError: The operation is insecure.
